<?xml version="1.0" encoding="UTF-8"?>
<coverage generated="1669274028742" clover="3.2.0">
  <project timestamp="1669274028742" name="All files">
    <metrics statements="13" coveredstatements="7" conditionals="10" coveredconditionals="4" methods="1" coveredmethods="1" elements="24" coveredelements="12" complexity="0" loc="13" ncloc="13" packages="1" files="1" classes="1"/>
    <file name="lib.js" path="C:\Users\Nitro\Module_2\jest-test\lib.js">
      <metrics statements="13" coveredstatements="7" conditionals="10" coveredconditionals="4" methods="1" coveredmethods="1"/>
      <line num="2" count="1" type="stmt"/>
      <line num="3" count="1" type="stmt"/>
      <line num="5" count="2" type="cond" truecount="1" falsecount="1"/>
      <line num="6" count="0" type="stmt"/>
      <line num="7" count="2" type="cond" truecount="3" falsecount="1"/>
      <line num="8" count="2" type="stmt"/>
      <line num="9" count="0" type="cond" truecount="0" falsecount="2"/>
      <line num="10" count="0" type="stmt"/>
      <line num="11" count="0" type="cond" truecount="0" falsecount="2"/>
      <line num="12" count="0" type="stmt"/>
      <line num="13" count="0" type="stmt"/>
      <line num="15" count="1" type="stmt"/>
      <line num="16" count="1" type="stmt"/>
    </file>
  </project>
</coverage>
