{"C:\\Users\\Nitro\\Module_2\\jest-test\\lib.js": {"path":"C:\\Users\\Nitro\\Module_2\\jest-test\\lib.js","statementMap":{"0":{"start":{"line":2,"column":0},"end":{"line":2,"column":26}},"1":{"start":{"line":3,"column":0},"end":{"line":3,"column":26}},"2":{"start":{"line":5,"column":4},"end":{"line":6,"column":52}},"3":{"start":{"line":6,"column":8},"end":{"line":6,"column":52}},"4":{"start":{"line":7,"column":4},"end":{"line":8,"column":26}},"5":{"start":{"line":8,"column":8},"end":{"line":8,"column":26}},"6":{"start":{"line":9,"column":4},"end":{"line":10,"column":22}},"7":{"start":{"line":10,"column":8},"end":{"line":10,"column":22}},"8":{"start":{"line":11,"column":4},"end":{"line":12,"column":22}},"9":{"start":{"line":12,"column":8},"end":{"line":12,"column":22}},"10":{"start":{"line":13,"column":4},"end":{"line":13,"column":17}},"11":{"start":{"line":15,"column":0},"end":{"line":15,"column":28}},"12":{"start":{"line":16,"column":0},"end":{"line":16,"column":13}}},"fnMap":{"0":{"name":"FizzBuzz","decl":{"start":{"line":4,"column":9},"end":{"line":4,"column":17}},"loc":{"start":{"line":4,"column":25},"end":{"line":14,"column":1}},"line":4}},"branchMap":{"0":{"loc":{"start":{"line":5,"column":4},"end":{"line":6,"column":52}},"type":"if","locations":[{"start":{"line":5,"column":4},"end":{"line":6,"column":52}},{"start":{},"end":{}}],"line":5},"1":{"loc":{"start":{"line":7,"column":4},"end":{"line":8,"column":26}},"type":"if","locations":[{"start":{"line":7,"column":4},"end":{"line":8,"column":26}},{"start":{},"end":{}}],"line":7},"2":{"loc":{"start":{"line":7,"column":8},"end":{"line":7,"column":46}},"type":"binary-expr","locations":[{"start":{"line":7,"column":9},"end":{"line":7,"column":24}},{"start":{"line":7,"column":30},"end":{"line":7,"column":45}}],"line":7},"3":{"loc":{"start":{"line":9,"column":4},"end":{"line":10,"column":22}},"type":"if","locations":[{"start":{"line":9,"column":4},"end":{"line":10,"column":22}},{"start":{},"end":{}}],"line":9},"4":{"loc":{"start":{"line":11,"column":4},"end":{"line":12,"column":22}},"type":"if","locations":[{"start":{"line":11,"column":4},"end":{"line":12,"column":22}},{"start":{},"end":{}}],"line":11}},"s":{"0":1,"1":1,"2":2,"3":0,"4":2,"5":2,"6":0,"7":0,"8":0,"9":0,"10":0,"11":1,"12":1},"f":{"0":2},"b":{"0":[0,2],"1":[2,0],"2":[2,2],"3":[0,0],"4":[0,0]},"inputSourceMap":null,"_coverageSchema":"1a1c01bbd47fc00a2c39e90264f33305004495a9","hash":"7a763b314a5e14da49d56dcc808d36715937c4a3"}
}
